<?xml version="1.0" encoding="UTF-8"?>
<testsuite name="JUnit Jupiter" tests="18" skipped="0" failures="0" errors="0" time="42.796" hostname="kirill-pael-supa" timestamp="2025-04-28T21:04:15">
<properties>
[...]
</properties>
<testcase name="testHitFalse()" classname="funcTests.MainPageTests" time="3.173">
<system-out><![CDATA[
unique-id: [engine:junit-jupiter]/[class:funcTests.MainPageTests]/[method:testHitFalse()]
display-name: testHitFalse()
]]></system-out>
</testcase>
<testcase name="testLogout()" classname="funcTests.MainPageTests" time="2.159">
<system-out><![CDATA[
unique-id: [engine:junit-jupiter]/[class:funcTests.MainPageTests]/[method:testLogout()]
display-name: testLogout()
]]></system-out>
</testcase>
<testcase name="testEmptyPassword()" classname="funcTests.LoginPageTests" time="1.713">
<system-out><![CDATA[
unique-id: [engine:junit-jupiter]/[class:funcTests.LoginPageTests]/[method:testEmptyPassword()]
display-name: testEmptyPassword()
]]></system-out>
</testcase>
<testcase name="testHitByInputs()" classname="funcTests.MainPageTests" time="3.089">
<system-out><![CDATA[
unique-id: [engine:junit-jupiter]/[class:funcTests.MainPageTests]/[method:testHitByInputs()]
display-name: testHitByInputs()
]]></system-out>
</testcase>
<testcase name="testLoginFail()" classname="funcTests.LoginPageTests" time="2.122">
<system-out><![CDATA[
unique-id: [engine:junit-jupiter]/[class:funcTests.LoginPageTests]/[method:testLoginFail()]
display-name: testLoginFail()
]]></system-out>
</testcase>
<testcase name="testTooShortUsername()" classname="funcTests.RegisterPageTests" time="1.624">
<system-out><![CDATA[
unique-id: [engine:junit-jupiter]/[class:funcTests.RegisterPageTests]/[method:testTooShortUsername()]
display-name: testTooShortUsername()
]]></system-out>
</testcase>
<testcase name="testEmptyPassword()" classname="funcTests.RegisterPageTests" time="3.122">
<system-out><![CDATA[
unique-id: [engine:junit-jupiter]/[class:funcTests.RegisterPageTests]/[method:testEmptyPassword()]
display-name: testEmptyPassword()
]]></system-out>
</testcase>
<testcase name="testHitByClick()" classname="funcTests.MainPageTests" time="3.001">
<system-out><![CDATA[
unique-id: [engine:junit-jupiter]/[class:funcTests.MainPageTests]/[method:testHitByClick()]
display-name: testHitByClick()
]]></system-out>
</testcase>
<testcase name="testEmptyUsername()" classname="funcTests.RegisterPageTests" time="3.275">
<system-out><![CDATA[
unique-id: [engine:junit-jupiter]/[class:funcTests.RegisterPageTests]/[method:testEmptyUsername()]
display-name: testEmptyUsername()
]]></system-out>
</testcase>
<testcase name="testTooShortPassword()" classname="funcTests.RegisterPageTests" time="1.528">
<system-out><![CDATA[
unique-id: [engine:junit-jupiter]/[class:funcTests.RegisterPageTests]/[method:testTooShortPassword()]
display-name: testTooShortPassword()
]]></system-out>
</testcase>
<testcase name="testRegisterSuccess()" classname="funcTests.RegisterPageTests" time="2.821">
<system-out><![CDATA[
unique-id: [engine:junit-jupiter]/[class:funcTests.RegisterPageTests]/[method:testRegisterSuccess()]
display-name: testRegisterSuccess()
]]></system-out>
</testcase>
<testcase name="testEmptyUsername()" classname="funcTests.LoginPageTests" time="1.509">
<system-out><![CDATA[
unique-id: [engine:junit-jupiter]/[class:funcTests.LoginPageTests]/[method:testEmptyUsername()]
display-name: testEmptyUsername()
]]></system-out>
</testcase>
<testcase name="testTooShortUsername()" classname="funcTests.LoginPageTests" time="1.713">
<system-out><![CDATA[
unique-id: [engine:junit-jupiter]/[class:funcTests.LoginPageTests]/[method:testTooShortUsername()]
display-name: testTooShortUsername()
]]></system-out>
</testcase>
<testcase name="testLoginSuccess()" classname="funcTests.LoginPageTests" time="2.55">
<system-out><![CDATA[
unique-id: [engine:junit-jupiter]/[class:funcTests.LoginPageTests]/[method:testLoginSuccess()]
display-name: testLoginSuccess()
]]></system-out>
</testcase>
<testcase name="testTooShortPassword()" classname="funcTests.LoginPageTests" time="1.529">
<system-out><![CDATA[
unique-id: [engine:junit-jupiter]/[class:funcTests.LoginPageTests]/[method:testTooShortPassword()]
display-name: testTooShortPassword()
]]></system-out>
</testcase>
<testcase name="testRegisterFail()" classname="funcTests.RegisterPageTests" time="2.912">
<system-out><![CDATA[
unique-id: [engine:junit-jupiter]/[class:funcTests.RegisterPageTests]/[method:testRegisterFail()]
display-name: testRegisterFail()
]]></system-out>
</testcase>
<testcase name="testHitTrue()" classname="funcTests.MainPageTests" time="2.983">
<system-out><![CDATA[
unique-id: [engine:junit-jupiter]/[class:funcTests.MainPageTests]/[method:testHitTrue()]
display-name: testHitTrue()
]]></system-out>
</testcase>
<testcase name="testUnauthorizedUserAccess()" classname="funcTests.LoginPageTests" time="1.904">
<system-out><![CDATA[
unique-id: [engine:junit-jupiter]/[class:funcTests.LoginPageTests]/[method:testUnauthorizedUserAccess()]
display-name: testUnauthorizedUserAccess()
]]></system-out>
</testcase>
<system-out><![CDATA[
unique-id: [engine:junit-jupiter]
display-name: JUnit Jupiter
]]></system-out>
</testsuite>
